
[0m[2m[35m$[0m [2m[1mdocusaurus build[0m
[36m[1m[INFO][22m[39m Website will be built for all these locales: 
- en
- zh-CN
[36m[1m[INFO][22m[39m [34m[1m[en][22m[39m Creating an optimized production build...

[32m●[39m [32mClient[39m [37m█[39m[37m█[39m[37m█[39m[37m█[39m[37m█[39m[37m█[39m[37m█[39m[37m█[39m[37m█[39m[37m█[39m[37m█[39m[37m█[39m[37m█[39m[37m█[39m[37m█[39m[37m█[39m[37m█[39m[37m█[39m[37m█[39m[37m█[39m[37m█[39m[37m█[39m[37m█[39m[37m█[39m[37m█[39m  (0%)  
 

[33m◯ Server[39m
[90m  [39m

[2K[1A[2K[1A[2K[1A[2K[1A[2K[1A[2K[1A[2K[1A[2K[G
[32m●[39m [32mClient[39m [32m█[39m[32m█[39m[37m█[39m[37m█[39m[37m█[39m[37m█[39m[37m█[39m[37m█[39m[37m█[39m[37m█[39m[37m█[39m[37m█[39m[37m█[39m[37m█[39m[37m█[39m[37m█[39m[37m█[39m[37m█[39m[37m█[39m[37m█[39m[37m█[39m[37m█[39m[37m█[39m[37m█[39m[37m█[39m setup (8%)  
 [90mcompilation[39m

[33m◯ Server[39m
[90m  [39m

[2K[1A[2K[1A[2K[1A[2K[1A[2K[1A[2K[1A[2K[1A[2K[G
[32m●[39m [32mClient[39m [32m█[39m[32m█[39m[32m█[39m[37m█[39m[37m█[39m[37m█[39m[37m█[39m[37m█[39m[37m█[39m[37m█[39m[37m█[39m[37m█[39m[37m█[39m[37m█[39m[37m█[39m[37m█[39m[37m█[39m[37m█[39m[37m█[39m[37m█[39m[37m█[39m[37m█[39m[37m█[39m[37m█[39m[37m█[39m building (10%) [90m0/1 entries 0/0 dependencies[39m
[90m 0/0 modules 0 active[39m 
 

[33m●[39m [33mServer[39m [33m█[39m[33m█[39m[33m█[39m[37m█[39m[37m█[39m[37m█[39m[37m█[39m[37m█[39m[37m█[39m[37m█[39m[37m█[39m[37m█[39m[37m█[39m[37m█[39m[37m█[39m[37m█[39m[37m█[39m[37m█[39m[37m█[39m[37m█[39m[37m█[39m[37m█[39m[37m█[39m[37m█[39m[37m█[39m building (10%) [90m0/1 entries 1/1 dependencies[39m
[90m 0/0 modules 0 active[39m 
 

[2K[1A[2K[1A[2K[1A[2K[1A[2K[1A[2K[1A[2K[1A[2K[1A[2K[1A[2K[G
[32m●[39m [32mClient[39m [32m█[39m[32m█[39m[32m█[39m[37m█[39m[37m█[39m[37m█[39m[37m█[39m[37m█[39m[37m█[39m[37m█[39m[37m█[39m[37m█[39m[37m█[39m[37m█[39m[37m█[39m[37m█[39m[37m█[39m[37m█[39m[37m█[39m[37m█[39m[37m█[39m[37m█[39m[37m█[39m[37m█[39m[37m█[39m building (10%) [90m0/1 entries 0/0 dependencies[39m
[90m 0/0 modules 0 active[39m 
 

[33m●[39m [33mServer[39m [33m█[39m[33m█[39m[33m█[39m[37m█[39m[37m█[39m[37m█[39m[37m█[39m[37m█[39m[37m█[39m[37m█[39m[37m█[39m[37m█[39m[37m█[39m[37m█[39m[37m█[39m[37m█[39m[37m█[39m[37m█[39m[37m█[39m[37m█[39m[37m█[39m[37m█[39m[37m█[39m[37m█[39m[37m█[39m building (10%) [90m0/1 entries 42/70 dependenci[39m
[90mes 3/22 modules 0 active[39m 
 

[2K[1A[2K[1A[2K[1A[2K[1A[2K[1A[2K[1A[2K[1A[2K[1A[2K[1A[2K[G
[32m●[39m [32mClient[39m [32m█[39m[32m█[39m[32m█[39m[37m█[39m[37m█[39m[37m█[39m[37m█[39m[37m█[39m[37m█[39m[37m█[39m[37m█[39m[37m█[39m[37m█[39m[37m█[39m[37m█[39m[37m█[39m[37m█[39m[37m█[39m[37m█[39m[37m█[39m[37m█[39m[37m█[39m[37m█[39m[37m█[39m[37m█[39m building (10%) [90m0/1 entries 1/1 dependencies[39m
[90m 0/0 modules 0 active[39m 
 

[33m●[39m [33mServer[39m [33m█[39m[33m█[39m[33m█[39m[37m█[39m[37m█[39m[37m█[39m[37m█[39m[37m█[39m[37m█[39m[37m█[39m[37m█[39m[37m█[39m[37m█[39m[37m█[39m[37m█[39m[37m█[39m[37m█[39m[37m█[39m[37m█[39m[37m█[39m[37m█[39m[37m█[39m[37m█[39m[37m█[39m[37m█[39m building (10%) [90m0/1 entries 42/70 dependenci[39m
[90mes 3/22 modules 0 active[39m 
 

[2K[1A[2K[1A[2K[1A[2K[1A[2K[1A[2K[1A[2K[1A[2K[1A[2K[1A[2K[G
[32m●[39m [32mClient[39m [32m█[39m[32m█[39m[32m█[39m[37m█[39m[37m█[39m[37m█[39m[37m█[39m[37m█[39m[37m█[39m[37m█[39m[37m█[39m[37m█[39m[37m█[39m[37m█[39m[37m█[39m[37m█[39m[37m█[39m[37m█[39m[37m█[39m[37m█[39m[37m█[39m[37m█[39m[37m█[39m[37m█[39m[37m█[39m building (10%) [90m0/1 entries 1/1 dependencies[39m
[90m 0/0 modules 0 active[39m 
 

[33m●[39m [33mServer[39m [33m█[39m[33m█[39m[33m█[39m[33m█[39m[37m█[39m[37m█[39m[37m█[39m[37m█[39m[37m█[39m[37m█[39m[37m█[39m[37m█[39m[37m█[39m[37m█[39m[37m█[39m[37m█[39m[37m█[39m[37m█[39m[37m█[39m[37m█[39m[37m█[39m[37m█[39m[37m█[39m[37m█[39m[37m█[39m building (14%) [90m0/1 entries 800/913 dependen[39m
[90mcies 200/282 modules 0 active[39m 
 

[2K[1A[2K[1A[2K[1A[2K[1A[2K[1A[2K[1A[2K[1A[2K[1A[2K[1A[2K[G
[32m●[39m [32mClient[39m [32m█[39m[32m█[39m[32m█[39m[32m█[39m[32m█[39m[32m█[39m[32m█[39m[32m█[39m[32m█[39m[37m█[39m[37m█[39m[37m█[39m[37m█[39m[37m█[39m[37m█[39m[37m█[39m[37m█[39m[37m█[39m[37m█[39m[37m█[39m[37m█[39m[37m█[39m[37m█[39m[37m█[39m[37m█[39m building (34%) [90m0/1 entries 880/1020 depende[39m
[90mncies 203/300 modules 0 active[39m 
 

[33m●[39m [33mServer[39m [33m█[39m[33m█[39m[33m█[39m[33m█[39m[37m█[39m[37m█[39m[37m█[39m[37m█[39m[37m█[39m[37m█[39m[37m█[39m[37m█[39m[37m█[39m[37m█[39m[37m█[39m[37m█[39m[37m█[39m[37m█[39m[37m█[39m[37m█[39m[37m█[39m[37m█[39m[37m█[39m[37m█[39m[37m█[39m building (16%) [90m0/1 entries 1450/2971 depend[39m
[90mencies 307/700 modules 0 active[39m 
 

[2K[1A[2K[1A[2K[1A[2K[1A[2K[1A[2K[1A[2K[1A[2K[1A[2K[1A[2K[G
[32m●[39m [32mClient[39m [32m█[39m[32m█[39m[32m█[39m[32m█[39m[32m█[39m[32m█[39m[32m█[39m[32m█[39m[32m█[39m[37m█[39m[37m█[39m[37m█[39m[37m█[39m[37m█[39m[37m█[39m[37m█[39m[37m█[39m[37m█[39m[37m█[39m[37m█[39m[37m█[39m[37m█[39m[37m█[39m[37m█[39m[37m█[39m building (35%) [90m0/1 entries 1400/3062 depend[39m
[90mencies 331/599 modules 0 active[39m 
 

[33m●[39m [33mServer[39m [33m█[39m[33m█[39m[33m█[39m[33m█[39m[33m█[39m[33m█[39m[33m█[39m[33m█[39m[33m█[39m[33m█[39m[33m█[39m[33m█[39m[33m█[39m[37m█[39m[37m█[39m[37m█[39m[37m█[39m[37m█[39m[37m█[39m[37m█[39m[37m█[39m[37m█[39m[37m█[39m[37m█[39m[37m█[39m building (52%) [90m0/1 entries 6625/6700 depend[39m
[90mencies 1989/2331 modules 0 active[39m 
 

[2K[1A[2K[1A[2K[1A[2K[1A[2K[1A[2K[1A[2K[1A[2K[1A[2K[1A[2K[G
[32m●[39m [32mClient[39m [32m█[39m[32m█[39m[32m█[39m[32m█[39m[32m█[39m[37m█[39m[37m█[39m[37m█[39m[37m█[39m[37m█[39m[37m█[39m[37m█[39m[37m█[39m[37m█[39m[37m█[39m[37m█[39m[37m█[39m[37m█[39m[37m█[39m[37m█[39m[37m█[39m[37m█[39m[37m█[39m[37m█[39m[37m█[39m building (19%) [90m0/1 entries 5000/6704 depend[39m
[90mencies 396/2365 modules 0 active[39m 
 

[33m●[39m [33mServer[39m [33m█[39m[33m█[39m[33m█[39m[33m█[39m[33m█[39m[33m█[39m[33m█[39m[33m█[39m[33m█[39m[33m█[39m[33m█[39m[33m█[39m[33m█[39m[33m█[39m[33m█[39m[33m█[39m[33m█[39m[37m█[39m[37m█[39m[37m█[39m[37m█[39m[37m█[39m[37m█[39m[37m█[39m[37m█[39m building (65%) [90m1/1 entries 7717/7717 depend[39m
[90mencies 2560/2560 modules 0 active[39m 
 

[2K[1A[2K[1A[2K[1A[2K[1A[2K[1A[2K[1A[2K[1A[2K[1A[2K[1A[2K[G
[32m●[39m [32mClient[39m [32m█[39m[32m█[39m[32m█[39m[32m█[39m[32m█[39m[37m█[39m[37m█[39m[37m█[39m[37m█[39m[37m█[39m[37m█[39m[37m█[39m[37m█[39m[37m█[39m[37m█[39m[37m█[39m[37m█[39m[37m█[39m[37m█[39m[37m█[39m[37m█[39m[37m█[39m[37m█[39m[37m█[39m[37m█[39m building (19%) [90m0/1 entries 5000/6704 depend[39m
[90mencies 396/2365 modules 0 active[39m 
 

[33m●[39m [33mServer[39m [33m█[39m[33m█[39m[33m█[39m[33m█[39m[33m█[39m[33m█[39m[33m█[39m[33m█[39m[33m█[39m[33m█[39m[33m█[39m[33m█[39m[33m█[39m[33m█[39m[33m█[39m[33m█[39m[33m█[39m[33m█[39m[37m█[39m[37m█[39m[37m█[39m[37m█[39m[37m█[39m[37m█[39m[37m█[39m sealing (70%) [90mfinish module graph[39m 
 [90mInnerGraphPlugin[39m

[2K[1A[2K[1A[2K[1A[2K[1A[2K[1A[2K[1A[2K[1A[2K[1A[2K[G
[32m●[39m [32mClient[39m [32m█[39m[32m█[39m[32m█[39m[32m█[39m[32m█[39m[37m█[39m[37m█[39m[37m█[39m[37m█[39m[37m█[39m[37m█[39m[37m█[39m[37m█[39m[37m█[39m[37m█[39m[37m█[39m[37m█[39m[37m█[39m[37m█[39m[37m█[39m[37m█[39m[37m█[39m[37m█[39m[37m█[39m[37m█[39m building (19%) [90m0/1 entries 5000/6704 depend[39m
[90mencies 396/2365 modules 0 active[39m 
 

[33m●[39m [33mServer[39m [33m█[39m[33m█[39m[33m█[39m[33m█[39m[33m█[39m[33m█[39m[33m█[39m[33m█[39m[33m█[39m[33m█[39m[33m█[39m[33m█[39m[33m█[39m[33m█[39m[33m█[39m[33m█[39m[33m█[39m[33m█[39m[37m█[39m[37m█[39m[37m█[39m[37m█[39m[37m█[39m[37m█[39m[37m█[39m sealing (71%)  
 [90mdependencies optimization[39m

[2K[1A[2K[1A[2K[1A[2K[1A[2K[1A[2K[1A[2K[1A[2K[1A[2K[G
[32m●[39m [32mClient[39m [32m█[39m[32m█[39m[32m█[39m[32m█[39m[32m█[39m[37m█[39m[37m█[39m[37m█[39m[37m█[39m[37m█[39m[37m█[39m[37m█[39m[37m█[39m[37m█[39m[37m█[39m[37m█[39m[37m█[39m[37m█[39m[37m█[39m[37m█[39m[37m█[39m[37m█[39m[37m█[39m[37m█[39m[37m█[39m building (19%) [90m0/1 entries 5000/6704 depend[39m
[90mencies 396/2365 modules 0 active[39m 
 

[33m●[39m [33mServer[39m [33m█[39m[33m█[39m[33m█[39m[33m█[39m[33m█[39m[33m█[39m[33m█[39m[33m█[39m[33m█[39m[33m█[39m[33m█[39m[33m█[39m[33m█[39m[33m█[39m[33m█[39m[33m█[39m[33m█[39m[33m█[39m[33m█[39m[33m█[39m[33m█[39m[33m█[39m[37m█[39m[37m█[39m[37m█[39m sealing (87%)  
 [90mcode generation[39m

[2K[1A[2K[1A[2K[1A[2K[1A[2K[1A[2K[1A[2K[1A[2K[1A[2K[G
[32m●[39m [32mClient[39m [32m█[39m[32m█[39m[32m█[39m[32m█[39m[32m█[39m[32m█[39m[32m█[39m[32m█[39m[32m█[39m[32m█[39m[32m█[39m[32m█[39m[32m█[39m[32m█[39m[32m█[39m[32m█[39m[32m█[39m[37m█[39m[37m█[39m[37m█[39m[37m█[39m[37m█[39m[37m█[39m[37m█[39m[37m█[39m building (65%) [90m1/1 entries 7784/7784 depend[39m
[90mencies 2624/2624 modules 0 active[39m 
 

[33m●[39m [33mServer[39m [33m█[39m[33m█[39m[33m█[39m[33m█[39m[33m█[39m[33m█[39m[33m█[39m[33m█[39m[33m█[39m[33m█[39m[33m█[39m[33m█[39m[33m█[39m[33m█[39m[33m█[39m[33m█[39m[33m█[39m[33m█[39m[33m█[39m[33m█[39m[33m█[39m[33m█[39m[33m█[39m[33m█[39m[37m█[39m emitting (95%)  
 [90memit[39m

[2K[1A[2K[1A[2K[1A[2K[1A[2K[1A[2K[1A[2K[1A[2K[1A[2K[G
[32m●[39m [32mClient[39m [32m█[39m[32m█[39m[32m█[39m[32m█[39m[32m█[39m[32m█[39m[32m█[39m[32m█[39m[32m█[39m[32m█[39m[32m█[39m[32m█[39m[32m█[39m[32m█[39m[32m█[39m[32m█[39m[32m█[39m[32m█[39m[37m█[39m[37m█[39m[37m█[39m[37m█[39m[37m█[39m[37m█[39m[37m█[39m sealing (70%) [90mfinish module graph[39m 
 [90mInnerGraphPlugin[39m

[33m●[39m [33mServer[39m [33m█[39m[33m█[39m[33m█[39m[33m█[39m[33m█[39m[33m█[39m[33m█[39m[33m█[39m[33m█[39m[33m█[39m[33m█[39m[33m█[39m[33m█[39m[33m█[39m[33m█[39m[33m█[39m[33m█[39m[33m█[39m[33m█[39m[33m█[39m[33m█[39m[33m█[39m[33m█[39m[33m█[39m[37m█[39m emitting (95%)  
 [90memit[39m

[2K[1A[2K[1A[2K[1A[2K[1A[2K[1A[2K[1A[2K[1A[2K[G
[32m●[39m [32mClient[39m [32m█[39m[32m█[39m[32m█[39m[32m█[39m[32m█[39m[32m█[39m[32m█[39m[32m█[39m[32m█[39m[32m█[39m[32m█[39m[32m█[39m[32m█[39m[32m█[39m[32m█[39m[32m█[39m[32m█[39m[32m█[39m[37m█[39m[37m█[39m[37m█[39m[37m█[39m[37m█[39m[37m█[39m[37m█[39m sealing (71%)  
 [90mdependencies optimization[39m

[33m●[39m [33mServer[39m [33m█[39m[33m█[39m[33m█[39m[33m█[39m[33m█[39m[33m█[39m[33m█[39m[33m█[39m[33m█[39m[33m█[39m[33m█[39m[33m█[39m[33m█[39m[33m█[39m[33m█[39m[33m█[39m[33m█[39m[33m█[39m[33m█[39m[33m█[39m[33m█[39m[33m█[39m[33m█[39m[33m█[39m[37m█[39m emitting (95%)  
 [90memit[39m

[2K[1A[2K[1A[2K[1A[2K[1A[2K[1A[2K[1A[2K[1A[2K[G
[32m●[39m [32mClient[39m [32m█[39m[32m█[39m[32m█[39m[32m█[39m[32m█[39m[32m█[39m[32m█[39m[32m█[39m[32m█[39m[32m█[39m[32m█[39m[32m█[39m[32m█[39m[32m█[39m[32m█[39m[32m█[39m[32m█[39m[32m█[39m[32m█[39m[32m█[39m[37m█[39m[37m█[39m[37m█[39m[37m█[39m[37m█[39m sealing (78%)  
 [90mchunk modules optimization[39m

[33m●[39m [33mServer[39m [33m█[39m[33m█[39m[33m█[39m[33m█[39m[33m█[39m[33m█[39m[33m█[39m[33m█[39m[33m█[39m[33m█[39m[33m█[39m[33m█[39m[33m█[39m[33m█[39m[33m█[39m[33m█[39m[33m█[39m[33m█[39m[33m█[39m[33m█[39m[33m█[39m[33m█[39m[33m█[39m[33m█[39m[37m█[39m emitting (95%)  
 [90memit[39m

[2K[1A[2K[1A[2K[1A[2K[1A[2K[1A[2K[1A[2K[1A[2K[G
[32m●[39m [32mClient[39m [32m█[39m[32m█[39m[32m█[39m[32m█[39m[32m█[39m[32m█[39m[32m█[39m[32m█[39m[32m█[39m[32m█[39m[32m█[39m[32m█[39m[32m█[39m[32m█[39m[32m█[39m[32m█[39m[32m█[39m[32m█[39m[32m█[39m[32m█[39m[32m█[39m[32m█[39m[32m█[39m[37m█[39m[37m█[39m sealing (92%) [90masset processing[39m 
 [90mcopy-webpack-plugin[39m

[33m●[39m [33mServer[39m [33m█[39m[33m█[39m[33m█[39m[33m█[39m[33m█[39m[33m█[39m[33m█[39m[33m█[39m[33m█[39m[33m█[39m[33m█[39m[33m█[39m[33m█[39m[33m█[39m[33m█[39m[33m█[39m[33m█[39m[33m█[39m[33m█[39m[33m█[39m[33m█[39m[33m█[39m[33m█[39m[33m█[39m[33m█[39m emitting (98%)  
 [90mafter emit[39m

[2K[1A[2K[1A[2K[1A[2K[1A[2K[1A[2K[1A[2K[1A[2K[G
[32m●[39m [32mClient[39m [32m█[39m[32m█[39m[32m█[39m[32m█[39m[32m█[39m[32m█[39m[32m█[39m[32m█[39m[32m█[39m[32m█[39m[32m█[39m[32m█[39m[32m█[39m[32m█[39m[32m█[39m[32m█[39m[32m█[39m[32m█[39m[32m█[39m[32m█[39m[32m█[39m[32m█[39m[32m█[39m[37m█[39m[37m█[39m sealing (92%) [90masset processing[39m 
 [90mcopy-webpack-plugin[39m

[33m✔ Server[39m
[90m  Compiled successfully in 3.88s[39m

[2K[1A[2K[1A[2K[1A[2K[1A[2K[1A[2K[1A[2K[1A[2K[G
[32m✔ Client[39m
[90m  Compiled successfully in 3.99s[39m

[33m✔ Server[39m
[90m  [39m


[32m●[39m [32mClient[39m [32m█[39m[32m█[39m[32m█[39m[32m█[39m[32m█[39m[32m█[39m[32m█[39m[32m█[39m[32m█[39m[32m█[39m[32m█[39m[32m█[39m[32m█[39m[32m█[39m[32m█[39m[32m█[39m[32m█[39m[32m█[39m[32m█[39m[32m█[39m[32m█[39m[32m█[39m[32m█[39m[32m█[39m[32m█[39m cache (99%) [90mshutdown[39m [90mIdleFileCachePlugin[39m
 [90mstored[39m

[33m✔ Server[39m
[90m  [39m

[32m[1m[SUCCESS][22m[39m Generated static files in [36m[4m"build"[24m[39m.
[36m[1m[INFO][22m[39m [34m[1m[zh-CN][22m[39m Creating an optimized production build...
[2K[1A[2K[1A[2K[1A[2K[1A[2K[1A[2K[1A[2K[1A[2K[1A[2K[1A[2K[G
[32m●[39m [32mClient[39m [37m█[39m[37m█[39m[37m█[39m[37m█[39m[37m█[39m[37m█[39m[37m█[39m[37m█[39m[37m█[39m[37m█[39m[37m█[39m[37m█[39m[37m█[39m[37m█[39m[37m█[39m[37m█[39m[37m█[39m[37m█[39m[37m█[39m[37m█[39m[37m█[39m[37m█[39m[37m█[39m[37m█[39m[37m█[39m  (0%)  
 

[33m✔ Server[39m
[90m  [39m

[32m[1m[SUCCESS][22m[39m Generated static files in [36m[4m"build"[24m[39m.
[36m[1m[INFO][22m[39m [34m[1m[zh-CN][22m[39m Creating an optimized production build...
[2K[1A[2K[1A[2K[1A[2K[1A[2K[1A[2K[1A[2K[1A[2K[1A[2K[1A[2K[G
[32m●[39m [32mClient[39m [32m█[39m[32m█[39m[32m█[39m[37m█[39m[37m█[39m[37m█[39m[37m█[39m[37m█[39m[37m█[39m[37m█[39m[37m█[39m[37m█[39m[37m█[39m[37m█[39m[37m█[39m[37m█[39m[37m█[39m[37m█[39m[37m█[39m[37m█[39m[37m█[39m[37m█[39m[37m█[39m[37m█[39m[37m█[39m building (10%) [90m0/1 entries 0/0 dependencies[39m
[90m 0/0 modules 0 active[39m 
 

[33m●[39m [33mServer[39m [33m█[39m[33m█[39m[33m█[39m[37m█[39m[37m█[39m[37m█[39m[37m█[39m[37m█[39m[37m█[39m[37m█[39m[37m█[39m[37m█[39m[37m█[39m[37m█[39m[37m█[39m[37m█[39m[37m█[39m[37m█[39m[37m█[39m[37m█[39m[37m█[39m[37m█[39m[37m█[39m[37m█[39m[37m█[39m building (10%) [90m0/1 entries 1/1 dependencies[39m
[90m 0/0 modules 0 active[39m 
 

[32m[1m[SUCCESS][22m[39m Generated static files in [36m[4m"build"[24m[39m.
[36m[1m[INFO][22m[39m [34m[1m[zh-CN][22m[39m Creating an optimized production build...
[2K[1A[2K[1A[2K[1A[2K[1A[2K[1A[2K[1A[2K[1A[2K[1A[2K[1A[2K[1A[2K[1A[2K[G
[32m●[39m [32mClient[39m [32m█[39m[32m█[39m[32m█[39m[32m█[39m[32m█[39m[32m█[39m[32m█[39m[32m█[39m[32m█[39m[32m█[39m[32m█[39m[32m█[39m[32m█[39m[32m█[39m[32m█[39m[32m█[39m[32m█[39m[37m█[39m[37m█[39m[37m█[39m[37m█[39m[37m█[39m[37m█[39m[37m█[39m[37m█[39m building (65%) [90m1/1 entries 7784/7784 depend[39m
[90mencies 2624/2624 modules 0 active[39m 
 

[33m●[39m [33mServer[39m [33m█[39m[33m█[39m[33m█[39m[37m█[39m[37m█[39m[37m█[39m[37m█[39m[37m█[39m[37m█[39m[37m█[39m[37m█[39m[37m█[39m[37m█[39m[37m█[39m[37m█[39m[37m█[39m[37m█[39m[37m█[39m[37m█[39m[37m█[39m[37m█[39m[37m█[39m[37m█[39m[37m█[39m[37m█[39m building (10%) [90m0/1 entries 1/1 dependencies[39m
[90m 0/0 modules 0 active[39m 
 

[32m[1m[SUCCESS][22m[39m Generated static files in [36m[4m"build"[24m[39m.
[36m[1m[INFO][22m[39m [34m[1m[zh-CN][22m[39m Creating an optimized production build...
[2K[1A[2K[1A[2K[1A[2K[1A[2K[1A[2K[1A[2K[1A[2K[1A[2K[1A[2K[1A[2K[1A[2K[G
[32m●[39m [32mClient[39m [32m█[39m[32m█[39m[32m█[39m[32m█[39m[32m█[39m[32m█[39m[32m█[39m[32m█[39m[32m█[39m[32m█[39m[32m█[39m[32m█[39m[32m█[39m[32m█[39m[32m█[39m[32m█[39m[32m█[39m[32m█[39m[37m█[39m[37m█[39m[37m█[39m[37m█[39m[37m█[39m[37m█[39m[37m█[39m sealing (70%) [90mfinish module graph[39m 
 [90mInnerGraphPlugin[39m

[33m●[39m [33mServer[39m [33m█[39m[33m█[39m[33m█[39m[37m█[39m[37m█[39m[37m█[39m[37m█[39m[37m█[39m[37m█[39m[37m█[39m[37m█[39m[37m█[39m[37m█[39m[37m█[39m[37m█[39m[37m█[39m[37m█[39m[37m█[39m[37m█[39m[37m█[39m[37m█[39m[37m█[39m[37m█[39m[37m█[39m[37m█[39m building (10%) [90m0/1 entries 1/1 dependencies[39m
[90m 0/0 modules 0 active[39m 
 

[32m[1m[SUCCESS][22m[39m Generated static files in [36m[4m"build"[24m[39m.
[36m[1m[INFO][22m[39m [34m[1m[zh-CN][22m[39m Creating an optimized production build...
[2K[1A[2K[1A[2K[1A[2K[1A[2K[1A[2K[1A[2K[1A[2K[1A[2K[1A[2K[1A[2K[G
[32m●[39m [32mClient[39m [32m█[39m[32m█[39m[32m█[39m[32m█[39m[32m█[39m[32m█[39m[32m█[39m[32m█[39m[32m█[39m[32m█[39m[32m█[39m[32m█[39m[32m█[39m[32m█[39m[32m█[39m[32m█[39m[32m█[39m[32m█[39m[32m█[39m[37m█[39m[37m█[39m[37m█[39m[37m█[39m[37m█[39m[37m█[39m sealing (73%)  
 [90mafter chunk graph[39m

[33m●[39m [33mServer[39m [33m█[39m[33m█[39m[33m█[39m[37m█[39m[37m█[39m[37m█[39m[37m█[39m[37m█[39m[37m█[39m[37m█[39m[37m█[39m[37m█[39m[37m█[39m[37m█[39m[37m█[39m[37m█[39m[37m█[39m[37m█[39m[37m█[39m[37m█[39m[37m█[39m[37m█[39m[37m█[39m[37m█[39m[37m█[39m building (10%) [90m0/1 entries 1/1 dependencies[39m
[90m 0/0 modules 0 active[39m 
 

[32m[1m[SUCCESS][22m[39m Generated static files in [36m[4m"build"[24m[39m.
[36m[1m[INFO][22m[39m [34m[1m[zh-CN][22m[39m Creating an optimized production build...
[2K[1A[2K[1A[2K[1A[2K[1A[2K[1A[2K[1A[2K[1A[2K[1A[2K[1A[2K[1A[2K[G
[32m●[39m [32mClient[39m [32m█[39m[32m█[39m[32m█[39m[32m█[39m[32m█[39m[32m█[39m[32m█[39m[32m█[39m[32m█[39m[32m█[39m[32m█[39m[32m█[39m[32m█[39m[32m█[39m[32m█[39m[32m█[39m[32m█[39m[32m█[39m[32m█[39m[32m█[39m[32m█[39m[37m█[39m[37m█[39m[37m█[39m[37m█[39m sealing (84%)  
 [90mchunk ids[39m

[33m●[39m [33mServer[39m [33m█[39m[33m█[39m[33m█[39m[37m█[39m[37m█[39m[37m█[39m[37m█[39m[37m█[39m[37m█[39m[37m█[39m[37m█[39m[37m█[39m[37m█[39m[37m█[39m[37m█[39m[37m█[39m[37m█[39m[37m█[39m[37m█[39m[37m█[39m[37m█[39m[37m█[39m[37m█[39m[37m█[39m[37m█[39m building (10%) [90m0/1 entries 1/1 dependencies[39m
[90m 0/0 modules 0 active[39m 
 

[32m[1m[SUCCESS][22m[39m Generated static files in [36m[4m"build"[24m[39m.
[36m[1m[INFO][22m[39m [34m[1m[zh-CN][22m[39m Creating an optimized production build...
[2K[1A[2K[1A[2K[1A[2K[1A[2K[1A[2K[1A[2K[1A[2K[1A[2K[1A[2K[1A[2K[G
[32m●[39m [32mClient[39m [32m█[39m[32m█[39m[32m█[39m[32m█[39m[32m█[39m[32m█[39m[32m█[39m[32m█[39m[32m█[39m[32m█[39m[32m█[39m[32m█[39m[32m█[39m[32m█[39m[32m█[39m[32m█[39m[32m█[39m[32m█[39m[32m█[39m[32m█[39m[32m█[39m[32m█[39m[32m█[39m[37m█[39m[37m█[39m sealing (92%) [90masset processing[39m 
 [90mcopy-webpack-plugin[39m

[33m●[39m [33mServer[39m [33m█[39m[33m█[39m[33m█[39m[33m█[39m[33m█[39m[33m█[39m[33m█[39m[33m█[39m[33m█[39m[33m█[39m[33m█[39m[33m█[39m[33m█[39m[33m█[39m[33m█[39m[33m█[39m[33m█[39m[33m█[39m[37m█[39m[37m█[39m[37m█[39m[37m█[39m[37m█[39m[37m█[39m[37m█[39m sealing (70%) [90mfinish module graph[39m 
 [90mInnerGraphPlugin[39m

[32m[1m[SUCCESS][22m[39m Generated static files in [36m[4m"build"[24m[39m.
[36m[1m[INFO][22m[39m [34m[1m[zh-CN][22m[39m Creating an optimized production build...
[2K[1A[2K[1A[2K[1A[2K[1A[2K[1A[2K[1A[2K[1A[2K[1A[2K[1A[2K[G
[32m●[39m [32mClient[39m [32m█[39m[32m█[39m[32m█[39m[32m█[39m[32m█[39m[32m█[39m[32m█[39m[32m█[39m[32m█[39m[32m█[39m[32m█[39m[32m█[39m[32m█[39m[32m█[39m[32m█[39m[32m█[39m[32m█[39m[32m█[39m[32m█[39m[32m█[39m[32m█[39m[32m█[39m[32m█[39m[37m█[39m[37m█[39m sealing (92%) [90masset processing[39m 
 [90mcopy-webpack-plugin[39m

[33m●[39m [33mServer[39m [33m█[39m[33m█[39m[33m█[39m[33m█[39m[33m█[39m[33m█[39m[33m█[39m[33m█[39m[33m█[39m[33m█[39m[33m█[39m[33m█[39m[33m█[39m[33m█[39m[33m█[39m[33m█[39m[33m█[39m[33m█[39m[33m█[39m[33m█[39m[33m█[39m[33m█[39m[37m█[39m[37m█[39m[37m█[39m sealing (87%)  
 [90mmodule hashing[39m

[32m[1m[SUCCESS][22m[39m Generated static files in [36m[4m"build"[24m[39m.
[36m[1m[INFO][22m[39m [34m[1m[zh-CN][22m[39m Creating an optimized production build...
[2K[1A[2K[1A[2K[1A[2K[1A[2K[1A[2K[1A[2K[1A[2K[1A[2K[1A[2K[G
[32m●[39m [32mClient[39m [32m█[39m[32m█[39m[32m█[39m[32m█[39m[32m█[39m[32m█[39m[32m█[39m[32m█[39m[32m█[39m[32m█[39m[32m█[39m[32m█[39m[32m█[39m[32m█[39m[32m█[39m[32m█[39m[32m█[39m[32m█[39m[32m█[39m[32m█[39m[32m█[39m[32m█[39m[32m█[39m[32m█[39m[37m█[39m emitting (95%)  
 [90memit[39m

[33m✔ Server[39m
[90m  Compiled successfully in 1.35s[39m

[32m[1m[SUCCESS][22m[39m Generated static files in [36m[4m"build"[24m[39m.
[36m[1m[INFO][22m[39m [34m[1m[zh-CN][22m[39m Creating an optimized production build...
[2K[1A[2K[1A[2K[1A[2K[1A[2K[1A[2K[1A[2K[1A[2K[1A[2K[1A[2K[G
[32m✔ Client[39m
[90m  Compiled successfully in 1.37s[39m

[33m✔ Server[39m
[90m  [39m

[32m[1m[SUCCESS][22m[39m Generated static files in [36m[4m"build"[24m[39m.
[36m[1m[INFO][22m[39m [34m[1m[zh-CN][22m[39m Creating an optimized production build...

[32m●[39m [32mClient[39m [32m█[39m[32m█[39m[32m█[39m[32m█[39m[32m█[39m[32m█[39m[32m█[39m[32m█[39m[32m█[39m[32m█[39m[32m█[39m[32m█[39m[32m█[39m[32m█[39m[32m█[39m[32m█[39m[32m█[39m[32m█[39m[32m█[39m[32m█[39m[32m█[39m[32m█[39m[32m█[39m[32m█[39m[32m█[39m cache (99%) [90mshutdown[39m [90mIdleFileCachePlugin[39m
 [90mstored[39m

[33m✔ Server[39m
[90m  [39m

[32m[1m[SUCCESS][22m[39m Generated static files in [36m[4m"build/zh-CN"[24m[39m.
[36m[1m[INFO][22m[39m Use [36m`npm run serve`[39m command to test your build locally.
